<?xml version="1.0" encoding="UTF-8"?>
<!-- Generated by org.testng.reporters.JUnitReportReporter -->
<testsuite hostname="Vijetha-Prabhakar" name="TestScripts.Gmail_composetest" tests="1" failures="0" timestamp="26 Dec 2019 12:47:45 GMT" time="114.031" errors="0">
  <testcase name="compose" time="114.031" classname="TestScripts.Gmail_composetest"/>
</testsuite> <!-- TestScripts.Gmail_composetest -->
