<?xml version="1.0" encoding="UTF-8"?>
<!-- Generated by org.testng.reporters.JUnitReportReporter -->
<testsuite hostname="Vijetha-Prabhakar" name="TestScripts.Gmail_sentitemsTest" tests="1" failures="0" timestamp="26 Dec 2019 12:47:45 GMT" time="76.259" errors="0">
  <testcase name="sentItems" time="76.259" classname="TestScripts.Gmail_sentitemsTest"/>
</testsuite> <!-- TestScripts.Gmail_sentitemsTest -->
